d:\project\vs_code's_codes\college\kuliah\semester_5\pemrograman_jaringan_komputer\chatserver\x64\debug\vc143.pdb
d:\project\vs_code's_codes\college\kuliah\semester_5\pemrograman_jaringan_komputer\chatserver\x64\debug\vc143.idb
d:\project\vs_code's_codes\college\kuliah\semester_5\pemrograman_jaringan_komputer\chatserver\x64\debug\chat_server.obj
d:\project\vs_code's_codes\college\kuliah\semester_5\pemrograman_jaringan_komputer\chatserver\x64\debug\chatserver.exe
d:\project\vs_code's_codes\college\kuliah\semester_5\pemrograman_jaringan_komputer\chatserver\x64\debug\chatserver.ilk
d:\project\vs_code's_codes\college\kuliah\semester_5\pemrograman_jaringan_komputer\chatserver\x64\debug\chatserver.pdb
d:\project\vs_code's_codes\college\kuliah\semester_5\pemrograman_jaringan_komputer\chatclient\x64\debug\chat_server.obj
d:\project\vs_code's_codes\college\kuliah\semester_5\pemrograman_jaringan_komputer\chatclient\x64\debug\chat_server_multiple.obj
d:\project\vs_code's_codes\college\kuliah\semester_5\pemrograman_jaringan_komputer\chatclient\x64\debug\chat_server_multiple_adjustmaxtcp.obj
d:\project\vs_code's_codes\college\kuliah\semester_5\pemrograman_jaringan_komputer\chatclient\x64\debug\chatserver.ilk
d:\project\vs_code's_codes\college\kuliah\semester_5\pemrograman_jaringan_komputer\chatclient\x64\debug\vc143.idb
d:\project\vs_code's_codes\college\kuliah\semester_5\pemrograman_jaringan_komputer\chatclient\x64\debug\chatserver.pdb
d:\project\vs_code's_codes\college\kuliah\semester_5\pemrograman_jaringan_komputer\chatclient\x64\debug\vc143.pdb
d:\project\vs_code's_codes\college\kuliah\semester_5\pemrograman_jaringan_komputer\chatclient\x64\debug\chatserver.exe
d:\project\vs_code's_codes\college\kuliah\semester_5\pemrograman_jaringan_komputer\chatclient\x64\debug\chatserver.tlog\cl.command.1.tlog
d:\project\vs_code's_codes\college\kuliah\semester_5\pemrograman_jaringan_komputer\chatclient\x64\debug\chatserver.tlog\cl.items.tlog
d:\project\vs_code's_codes\college\kuliah\semester_5\pemrograman_jaringan_komputer\chatclient\x64\debug\chatserver.tlog\cl.read.1.tlog
d:\project\vs_code's_codes\college\kuliah\semester_5\pemrograman_jaringan_komputer\chatclient\x64\debug\chatserver.tlog\cl.write.1.tlog
d:\project\vs_code's_codes\college\kuliah\semester_5\pemrograman_jaringan_komputer\chatclient\x64\debug\chatserver.tlog\link.command.1.tlog
d:\project\vs_code's_codes\college\kuliah\semester_5\pemrograman_jaringan_komputer\chatclient\x64\debug\chatserver.tlog\link.read.1.tlog
d:\project\vs_code's_codes\college\kuliah\semester_5\pemrograman_jaringan_komputer\chatclient\x64\debug\chatserver.tlog\link.write.1.tlog
