  RoboCatPCH.cpp
  GraphicsDriver.cpp
  HUD.cpp
  InputManager.cpp
  Main.cpp
  RandGen.cpp
  RenderManager.cpp
  SpriteComponent.cpp
  Texture.cpp
  TextureManager.cpp
  TurnData.cpp
  WindowManager.cpp
  Yarn.cpp
  Engine.cpp
  GameObjectRegistry.cpp
  MemoryBitStream.cpp
  Command.cpp
  CommandList.cpp
  NetworkManager.cpp
  RoboMath.cpp
  ScoreBoardManager.cpp
  Generating Code...
  Compiling...
  RoboCat.cpp
  SocketAddress.cpp
  SocketAddressFactory.cpp
  SocketUtil.cpp
  StringUtils.cpp
  TCPSocket.cpp
  Timing.cpp
  GameObject.cpp
  UDPSocket.cpp
  World.cpp
  Generating Code...
  RoboCatRTS.vcxproj -> D:\Project\Vs_Code's_codes\College\Kuliah\Semester_5\Pemrograman_Jaringan_Komputer\MultiplayerBook\Chapter 6\RoboCatRTS\Debug\RoboCatRTS.exe
  Copying SDL DLLs...
  D:\Project\Vs_Code's_codes\College\Kuliah\Semester_5\Pemrograman_Jaringan_Komputer\MultiplayerBook\Chapter 6\RoboCatRTS\RoboCatRTS\\..\SDL\lib\win\x86\libfreetype-6.dll
  D:\Project\Vs_Code's_codes\College\Kuliah\Semester_5\Pemrograman_Jaringan_Komputer\MultiplayerBook\Chapter 6\RoboCatRTS\RoboCatRTS\\..\SDL\lib\win\x86\libogg-0.dll
  D:\Project\Vs_Code's_codes\College\Kuliah\Semester_5\Pemrograman_Jaringan_Komputer\MultiplayerBook\Chapter 6\RoboCatRTS\RoboCatRTS\\..\SDL\lib\win\x86\libpng16-16.dll
  D:\Project\Vs_Code's_codes\College\Kuliah\Semester_5\Pemrograman_Jaringan_Komputer\MultiplayerBook\Chapter 6\RoboCatRTS\RoboCatRTS\\..\SDL\lib\win\x86\libvorbis-0.dll
  D:\Project\Vs_Code's_codes\College\Kuliah\Semester_5\Pemrograman_Jaringan_Komputer\MultiplayerBook\Chapter 6\RoboCatRTS\RoboCatRTS\\..\SDL\lib\win\x86\libvorbisfile-3.dll
  D:\Project\Vs_Code's_codes\College\Kuliah\Semester_5\Pemrograman_Jaringan_Komputer\MultiplayerBook\Chapter 6\RoboCatRTS\RoboCatRTS\\..\SDL\lib\win\x86\SDL2.dll
  D:\Project\Vs_Code's_codes\College\Kuliah\Semester_5\Pemrograman_Jaringan_Komputer\MultiplayerBook\Chapter 6\RoboCatRTS\RoboCatRTS\\..\SDL\lib\win\x86\SDL2_image.dll
  D:\Project\Vs_Code's_codes\College\Kuliah\Semester_5\Pemrograman_Jaringan_Komputer\MultiplayerBook\Chapter 6\RoboCatRTS\RoboCatRTS\\..\SDL\lib\win\x86\SDL2_mixer.dll
  D:\Project\Vs_Code's_codes\College\Kuliah\Semester_5\Pemrograman_Jaringan_Komputer\MultiplayerBook\Chapter 6\RoboCatRTS\RoboCatRTS\\..\SDL\lib\win\x86\SDL2_ttf.dll
  D:\Project\Vs_Code's_codes\College\Kuliah\Semester_5\Pemrograman_Jaringan_Komputer\MultiplayerBook\Chapter 6\RoboCatRTS\RoboCatRTS\\..\SDL\lib\win\x86\zlib1.dll
  10 File(s) copied
