  Yarn.cpp
D:\Project\Vs_Code's_codes\College\Kuliah\Semester_5\Pemrograman_Jaringan_Komputer\MultiplayerBook\Chapter 6\RoboCatAction\RoboCat\Inc\MoveList.h(23,52): warning C4267: 'return': conversion from 'size_t' to 'int', possible loss of data
D:\Project\Vs_Code's_codes\College\Kuliah\Semester_5\Pemrograman_Jaringan_Komputer\MultiplayerBook\Chapter 6\RoboCatAction\RoboCat\Inc\Engine.h(1,10): fatal  error C1083: Cannot open include file: 'SDL_events.h': No such file or directory
  Engine.cpp
D:\Project\Vs_Code's_codes\College\Kuliah\Semester_5\Pemrograman_Jaringan_Komputer\MultiplayerBook\Chapter 6\RoboCatAction\RoboCat\Inc\MoveList.h(23,52): warning C4267: 'return': conversion from 'size_t' to 'int', possible loss of data
D:\Project\Vs_Code's_codes\College\Kuliah\Semester_5\Pemrograman_Jaringan_Komputer\MultiplayerBook\Chapter 6\RoboCatAction\RoboCat\Inc\Engine.h(1,10): fatal  error C1083: Cannot open include file: 'SDL_events.h': No such file or directory
  GameObjectRegistry.cpp
D:\Project\Vs_Code's_codes\College\Kuliah\Semester_5\Pemrograman_Jaringan_Komputer\MultiplayerBook\Chapter 6\RoboCatAction\RoboCat\Inc\MoveList.h(23,52): warning C4267: 'return': conversion from 'size_t' to 'int', possible loss of data
D:\Project\Vs_Code's_codes\College\Kuliah\Semester_5\Pemrograman_Jaringan_Komputer\MultiplayerBook\Chapter 6\RoboCatAction\RoboCat\Inc\Engine.h(1,10): fatal  error C1083: Cannot open include file: 'SDL_events.h': No such file or directory
  InputState.cpp
D:\Project\Vs_Code's_codes\College\Kuliah\Semester_5\Pemrograman_Jaringan_Komputer\MultiplayerBook\Chapter 6\RoboCatAction\RoboCat\Inc\MoveList.h(23,52): warning C4267: 'return': conversion from 'size_t' to 'int', possible loss of data
D:\Project\Vs_Code's_codes\College\Kuliah\Semester_5\Pemrograman_Jaringan_Komputer\MultiplayerBook\Chapter 6\RoboCatAction\RoboCat\Inc\Engine.h(1,10): fatal  error C1083: Cannot open include file: 'SDL_events.h': No such file or directory
  MemoryBitStream.cpp
D:\Project\Vs_Code's_codes\College\Kuliah\Semester_5\Pemrograman_Jaringan_Komputer\MultiplayerBook\Chapter 6\RoboCatAction\RoboCat\Inc\MoveList.h(23,52): warning C4267: 'return': conversion from 'size_t' to 'int', possible loss of data
D:\Project\Vs_Code's_codes\College\Kuliah\Semester_5\Pemrograman_Jaringan_Komputer\MultiplayerBook\Chapter 6\RoboCatAction\RoboCat\Inc\Engine.h(1,10): fatal  error C1083: Cannot open include file: 'SDL_events.h': No such file or directory
  Move.cpp
D:\Project\Vs_Code's_codes\College\Kuliah\Semester_5\Pemrograman_Jaringan_Komputer\MultiplayerBook\Chapter 6\RoboCatAction\RoboCat\Inc\MoveList.h(23,52): warning C4267: 'return': conversion from 'size_t' to 'int', possible loss of data
D:\Project\Vs_Code's_codes\College\Kuliah\Semester_5\Pemrograman_Jaringan_Komputer\MultiplayerBook\Chapter 6\RoboCatAction\RoboCat\Inc\Engine.h(1,10): fatal  error C1083: Cannot open include file: 'SDL_events.h': No such file or directory
  MoveList.cpp
D:\Project\Vs_Code's_codes\College\Kuliah\Semester_5\Pemrograman_Jaringan_Komputer\MultiplayerBook\Chapter 6\RoboCatAction\RoboCat\Inc\MoveList.h(23,52): warning C4267: 'return': conversion from 'size_t' to 'int', possible loss of data
D:\Project\Vs_Code's_codes\College\Kuliah\Semester_5\Pemrograman_Jaringan_Komputer\MultiplayerBook\Chapter 6\RoboCatAction\RoboCat\Inc\Engine.h(1,10): fatal  error C1083: Cannot open include file: 'SDL_events.h': No such file or directory
  NetworkManager.cpp
D:\Project\Vs_Code's_codes\College\Kuliah\Semester_5\Pemrograman_Jaringan_Komputer\MultiplayerBook\Chapter 6\RoboCatAction\RoboCat\Inc\MoveList.h(23,52): warning C4267: 'return': conversion from 'size_t' to 'int', possible loss of data
D:\Project\Vs_Code's_codes\College\Kuliah\Semester_5\Pemrograman_Jaringan_Komputer\MultiplayerBook\Chapter 6\RoboCatAction\RoboCat\Inc\Engine.h(1,10): fatal  error C1083: Cannot open include file: 'SDL_events.h': No such file or directory
  RoboMath.cpp
D:\Project\Vs_Code's_codes\College\Kuliah\Semester_5\Pemrograman_Jaringan_Komputer\MultiplayerBook\Chapter 6\RoboCatAction\RoboCat\Inc\MoveList.h(23,52): warning C4267: 'return': conversion from 'size_t' to 'int', possible loss of data
D:\Project\Vs_Code's_codes\College\Kuliah\Semester_5\Pemrograman_Jaringan_Komputer\MultiplayerBook\Chapter 6\RoboCatAction\RoboCat\Inc\Engine.h(1,10): fatal  error C1083: Cannot open include file: 'SDL_events.h': No such file or directory
  ScoreBoardManager.cpp
D:\Project\Vs_Code's_codes\College\Kuliah\Semester_5\Pemrograman_Jaringan_Komputer\MultiplayerBook\Chapter 6\RoboCatAction\RoboCat\Inc\MoveList.h(23,52): warning C4267: 'return': conversion from 'size_t' to 'int', possible loss of data
D:\Project\Vs_Code's_codes\College\Kuliah\Semester_5\Pemrograman_Jaringan_Komputer\MultiplayerBook\Chapter 6\RoboCatAction\RoboCat\Inc\Engine.h(1,10): fatal  error C1083: Cannot open include file: 'SDL_events.h': No such file or directory
  RoboCat.cpp
D:\Project\Vs_Code's_codes\College\Kuliah\Semester_5\Pemrograman_Jaringan_Komputer\MultiplayerBook\Chapter 6\RoboCatAction\RoboCat\Inc\MoveList.h(23,52): warning C4267: 'return': conversion from 'size_t' to 'int', possible loss of data
D:\Project\Vs_Code's_codes\College\Kuliah\Semester_5\Pemrograman_Jaringan_Komputer\MultiplayerBook\Chapter 6\RoboCatAction\RoboCat\Inc\Engine.h(1,10): fatal  error C1083: Cannot open include file: 'SDL_events.h': No such file or directory
  SocketAddress.cpp
D:\Project\Vs_Code's_codes\College\Kuliah\Semester_5\Pemrograman_Jaringan_Komputer\MultiplayerBook\Chapter 6\RoboCatAction\RoboCat\Inc\MoveList.h(23,52): warning C4267: 'return': conversion from 'size_t' to 'int', possible loss of data
D:\Project\Vs_Code's_codes\College\Kuliah\Semester_5\Pemrograman_Jaringan_Komputer\MultiplayerBook\Chapter 6\RoboCatAction\RoboCat\Inc\Engine.h(1,10): fatal  error C1083: Cannot open include file: 'SDL_events.h': No such file or directory
  SocketAddressFactory.cpp
D:\Project\Vs_Code's_codes\College\Kuliah\Semester_5\Pemrograman_Jaringan_Komputer\MultiplayerBook\Chapter 6\RoboCatAction\RoboCat\Inc\MoveList.h(23,52): warning C4267: 'return': conversion from 'size_t' to 'int', possible loss of data
D:\Project\Vs_Code's_codes\College\Kuliah\Semester_5\Pemrograman_Jaringan_Komputer\MultiplayerBook\Chapter 6\RoboCatAction\RoboCat\Inc\Engine.h(1,10): fatal  error C1083: Cannot open include file: 'SDL_events.h': No such file or directory
  SocketUtil.cpp
D:\Project\Vs_Code's_codes\College\Kuliah\Semester_5\Pemrograman_Jaringan_Komputer\MultiplayerBook\Chapter 6\RoboCatAction\RoboCat\Inc\MoveList.h(23,52): warning C4267: 'return': conversion from 'size_t' to 'int', possible loss of data
D:\Project\Vs_Code's_codes\College\Kuliah\Semester_5\Pemrograman_Jaringan_Komputer\MultiplayerBook\Chapter 6\RoboCatAction\RoboCat\Inc\Engine.h(1,10): fatal  error C1083: Cannot open include file: 'SDL_events.h': No such file or directory
  StringUtils.cpp
D:\Project\Vs_Code's_codes\College\Kuliah\Semester_5\Pemrograman_Jaringan_Komputer\MultiplayerBook\Chapter 6\RoboCatAction\RoboCat\Inc\MoveList.h(23,52): warning C4267: 'return': conversion from 'size_t' to 'int', possible loss of data
D:\Project\Vs_Code's_codes\College\Kuliah\Semester_5\Pemrograman_Jaringan_Komputer\MultiplayerBook\Chapter 6\RoboCatAction\RoboCat\Inc\Engine.h(1,10): fatal  error C1083: Cannot open include file: 'SDL_events.h': No such file or directory
  TCPSocket.cpp
D:\Project\Vs_Code's_codes\College\Kuliah\Semester_5\Pemrograman_Jaringan_Komputer\MultiplayerBook\Chapter 6\RoboCatAction\RoboCat\Inc\MoveList.h(23,52): warning C4267: 'return': conversion from 'size_t' to 'int', possible loss of data
D:\Project\Vs_Code's_codes\College\Kuliah\Semester_5\Pemrograman_Jaringan_Komputer\MultiplayerBook\Chapter 6\RoboCatAction\RoboCat\Inc\Engine.h(1,10): fatal  error C1083: Cannot open include file: 'SDL_events.h': No such file or directory
  Timing.cpp
D:\Project\Vs_Code's_codes\College\Kuliah\Semester_5\Pemrograman_Jaringan_Komputer\MultiplayerBook\Chapter 6\RoboCatAction\RoboCat\Inc\MoveList.h(23,52): warning C4267: 'return': conversion from 'size_t' to 'int', possible loss of data
D:\Project\Vs_Code's_codes\College\Kuliah\Semester_5\Pemrograman_Jaringan_Komputer\MultiplayerBook\Chapter 6\RoboCatAction\RoboCat\Inc\Engine.h(1,10): fatal  error C1083: Cannot open include file: 'SDL_events.h': No such file or directory
  GameObject.cpp
D:\Project\Vs_Code's_codes\College\Kuliah\Semester_5\Pemrograman_Jaringan_Komputer\MultiplayerBook\Chapter 6\RoboCatAction\RoboCat\Inc\MoveList.h(23,52): warning C4267: 'return': conversion from 'size_t' to 'int', possible loss of data
D:\Project\Vs_Code's_codes\College\Kuliah\Semester_5\Pemrograman_Jaringan_Komputer\MultiplayerBook\Chapter 6\RoboCatAction\RoboCat\Inc\Engine.h(1,10): fatal  error C1083: Cannot open include file: 'SDL_events.h': No such file or directory
  Mouse.cpp
D:\Project\Vs_Code's_codes\College\Kuliah\Semester_5\Pemrograman_Jaringan_Komputer\MultiplayerBook\Chapter 6\RoboCatAction\RoboCat\Inc\MoveList.h(23,52): warning C4267: 'return': conversion from 'size_t' to 'int', possible loss of data
D:\Project\Vs_Code's_codes\College\Kuliah\Semester_5\Pemrograman_Jaringan_Komputer\MultiplayerBook\Chapter 6\RoboCatAction\RoboCat\Inc\Engine.h(1,10): fatal  error C1083: Cannot open include file: 'SDL_events.h': No such file or directory
  RoboCatPCH.cpp
D:\Project\Vs_Code's_codes\College\Kuliah\Semester_5\Pemrograman_Jaringan_Komputer\MultiplayerBook\Chapter 6\RoboCatAction\RoboCat\Inc\MoveList.h(23,52): warning C4267: 'return': conversion from 'size_t' to 'int', possible loss of data
D:\Project\Vs_Code's_codes\College\Kuliah\Semester_5\Pemrograman_Jaringan_Komputer\MultiplayerBook\Chapter 6\RoboCatAction\RoboCat\Inc\Engine.h(1,10): fatal  error C1083: Cannot open include file: 'SDL_events.h': No such file or directory
  Generating Code...
  Compiling...
  UDPSocket.cpp
D:\Project\Vs_Code's_codes\College\Kuliah\Semester_5\Pemrograman_Jaringan_Komputer\MultiplayerBook\Chapter 6\RoboCatAction\RoboCat\Inc\MoveList.h(23,52): warning C4267: 'return': conversion from 'size_t' to 'int', possible loss of data
D:\Project\Vs_Code's_codes\College\Kuliah\Semester_5\Pemrograman_Jaringan_Komputer\MultiplayerBook\Chapter 6\RoboCatAction\RoboCat\Inc\Engine.h(1,10): fatal  error C1083: Cannot open include file: 'SDL_events.h': No such file or directory
  World.cpp
D:\Project\Vs_Code's_codes\College\Kuliah\Semester_5\Pemrograman_Jaringan_Komputer\MultiplayerBook\Chapter 6\RoboCatAction\RoboCat\Inc\MoveList.h(23,52): warning C4267: 'return': conversion from 'size_t' to 'int', possible loss of data
D:\Project\Vs_Code's_codes\College\Kuliah\Semester_5\Pemrograman_Jaringan_Komputer\MultiplayerBook\Chapter 6\RoboCatAction\RoboCat\Inc\Engine.h(1,10): fatal  error C1083: Cannot open include file: 'SDL_events.h': No such file or directory
  Generating Code...
