  RoboCatPCH.cpp
  Yarn.cpp
  Engine.cpp
  GameObjectRegistry.cpp
  InputState.cpp
  MemoryBitStream.cpp
  Move.cpp
  MoveList.cpp
  NetworkManager.cpp
  RoboMath.cpp
  ScoreBoardManager.cpp
  RoboCat.cpp
  SocketAddress.cpp
  SocketAddressFactory.cpp
  SocketUtil.cpp
D:\Project\Vs_Code's_codes\College\Kuliah\Semester_5\Pemrograman_Jaringan_Komputer\MultiplayerBook\Chapter 6\RoboCatAction\RoboCat\Src\SocketUtil.cpp(90,102): warning C4100: 'ioNaxNfds': unreferenced formal parameter
  StringUtils.cpp
  TCPSocket.cpp
  Timing.cpp
  GameObject.cpp
  Mouse.cpp
  UDPSocket.cpp
  Generating Code...
  Compiling...
  World.cpp
  Generating Code...
  RoboCat.vcxproj -> D:\Project\Vs_Code's_codes\College\Kuliah\Semester_5\Pemrograman_Jaringan_Komputer\MultiplayerBook\Chapter 6\RoboCatAction\RoboCat\Bin\Debug\RoboCat.lib
