  GraphicsDriver.cpp
D:\Project\Vs_Code's_codes\College\Kuliah\Semester_5\Pemrograman_Jaringan_Komputer\MultiplayerBook\Chapter 6\RoboCatRTS\RoboCatRTS\Src\GraphicsDriver.cpp(79,1): fatal  error C1010: unexpected end of file while looking for precompiled header. Did you forget to add '#include "RoboCatClientPCH.h"' to your source?
  HUD.cpp
D:\Project\Vs_Code's_codes\College\Kuliah\Semester_5\Pemrograman_Jaringan_Komputer\MultiplayerBook\Chapter 6\RoboCatRTS\RoboCatRTS\Src\HUD.cpp(132,1): fatal  error C1010: unexpected end of file while looking for precompiled header. Did you forget to add '#include "RoboCatClientPCH.h"' to your source?
  InputManager.cpp
D:\Project\Vs_Code's_codes\College\Kuliah\Semester_5\Pemrograman_Jaringan_Komputer\MultiplayerBook\Chapter 6\RoboCatRTS\RoboCatRTS\Src\InputManager.cpp(102,1): fatal  error C1010: unexpected end of file while looking for precompiled header. Did you forget to add '#include "RoboCatClientPCH.h"' to your source?
  Main.cpp
D:\Project\Vs_Code's_codes\College\Kuliah\Semester_5\Pemrograman_Jaringan_Komputer\MultiplayerBook\Chapter 6\RoboCatRTS\RoboCatRTS\Src\Main.cpp(39,1): fatal  error C1010: unexpected end of file while looking for precompiled header. Did you forget to add '#include "RoboCatClientPCH.h"' to your source?
  RandGen.cpp
D:\Project\Vs_Code's_codes\College\Kuliah\Semester_5\Pemrograman_Jaringan_Komputer\MultiplayerBook\Chapter 6\RoboCatRTS\RoboCatRTS\Src\RandGen.cpp(46,1): fatal  error C1010: unexpected end of file while looking for precompiled header. Did you forget to add '#include "RoboCatClientPCH.h"' to your source?
  RenderManager.cpp
D:\Project\Vs_Code's_codes\College\Kuliah\Semester_5\Pemrograman_Jaringan_Komputer\MultiplayerBook\Chapter 6\RoboCatRTS\RoboCatRTS\Src\RenderManager.cpp(87,1): fatal  error C1010: unexpected end of file while looking for precompiled header. Did you forget to add '#include "RoboCatClientPCH.h"' to your source?
  SpriteComponent.cpp
D:\Project\Vs_Code's_codes\College\Kuliah\Semester_5\Pemrograman_Jaringan_Komputer\MultiplayerBook\Chapter 6\RoboCatRTS\RoboCatRTS\Src\SpriteComponent.cpp(54,1): fatal  error C1010: unexpected end of file while looking for precompiled header. Did you forget to add '#include "RoboCatClientPCH.h"' to your source?
  Texture.cpp
D:\Project\Vs_Code's_codes\College\Kuliah\Semester_5\Pemrograman_Jaringan_Komputer\MultiplayerBook\Chapter 6\RoboCatRTS\RoboCatRTS\Src\Texture.cpp(14,1): fatal  error C1010: unexpected end of file while looking for precompiled header. Did you forget to add '#include "RoboCatClientPCH.h"' to your source?
  TextureManager.cpp
D:\Project\Vs_Code's_codes\College\Kuliah\Semester_5\Pemrograman_Jaringan_Komputer\MultiplayerBook\Chapter 6\RoboCatRTS\RoboCatRTS\Src\TextureManager.cpp(47,1): fatal  error C1010: unexpected end of file while looking for precompiled header. Did you forget to add '#include "RoboCatClientPCH.h"' to your source?
  TurnData.cpp
D:\Project\Vs_Code's_codes\College\Kuliah\Semester_5\Pemrograman_Jaringan_Komputer\MultiplayerBook\Chapter 6\RoboCatRTS\RoboCatRTS\Src\TurnData.cpp(18,1): fatal  error C1010: unexpected end of file while looking for precompiled header. Did you forget to add '#include "RoboCatClientPCH.h"' to your source?
  WindowManager.cpp
D:\Project\Vs_Code's_codes\College\Kuliah\Semester_5\Pemrograman_Jaringan_Komputer\MultiplayerBook\Chapter 6\RoboCatRTS\RoboCatRTS\Src\WindowManager.cpp(33,1): fatal  error C1010: unexpected end of file while looking for precompiled header. Did you forget to add '#include "RoboCatClientPCH.h"' to your source?
  Yarn.cpp
D:\Project\Vs_Code's_codes\College\Kuliah\Semester_5\Pemrograman_Jaringan_Komputer\MultiplayerBook\Chapter 6\RoboCatRTS\RoboCatRTS\Src\Yarn.cpp(41,1): fatal  error C1010: unexpected end of file while looking for precompiled header. Did you forget to add '#include "RoboCatClientPCH.h"' to your source?
  Engine.cpp
D:\Project\Vs_Code's_codes\College\Kuliah\Semester_5\Pemrograman_Jaringan_Komputer\MultiplayerBook\Chapter 6\RoboCatRTS\RoboCatRTS\Src\Engine.cpp(161,1): fatal  error C1010: unexpected end of file while looking for precompiled header. Did you forget to add '#include "RoboCatClientPCH.h"' to your source?
  GameObjectRegistry.cpp
D:\Project\Vs_Code's_codes\College\Kuliah\Semester_5\Pemrograman_Jaringan_Komputer\MultiplayerBook\Chapter 6\RoboCatRTS\RoboCatRTS\Src\GameObjectRegistry.cpp(33,1): fatal  error C1010: unexpected end of file while looking for precompiled header. Did you forget to add '#include "RoboCatClientPCH.h"' to your source?
  MemoryBitStream.cpp
D:\Project\Vs_Code's_codes\College\Kuliah\Semester_5\Pemrograman_Jaringan_Komputer\MultiplayerBook\Chapter 6\RoboCatRTS\RoboCatRTS\Src\MemoryBitStream.cpp(172,1): fatal  error C1010: unexpected end of file while looking for precompiled header. Did you forget to add '#include "RoboCatClientPCH.h"' to your source?
  Command.cpp
D:\Project\Vs_Code's_codes\College\Kuliah\Semester_5\Pemrograman_Jaringan_Komputer\MultiplayerBook\Chapter 6\RoboCatRTS\RoboCatRTS\Src\Command.cpp(125,1): fatal  error C1010: unexpected end of file while looking for precompiled header. Did you forget to add '#include "RoboCatClientPCH.h"' to your source?
  CommandList.cpp
D:\Project\Vs_Code's_codes\College\Kuliah\Semester_5\Pemrograman_Jaringan_Komputer\MultiplayerBook\Chapter 6\RoboCatRTS\RoboCatRTS\Src\CommandList.cpp(37,1): fatal  error C1010: unexpected end of file while looking for precompiled header. Did you forget to add '#include "RoboCatClientPCH.h"' to your source?
  NetworkManager.cpp
D:\Project\Vs_Code's_codes\College\Kuliah\Semester_5\Pemrograman_Jaringan_Komputer\MultiplayerBook\Chapter 6\RoboCatRTS\RoboCatRTS\Src\NetworkManager.cpp(898,1): fatal  error C1010: unexpected end of file while looking for precompiled header. Did you forget to add '#include "RoboCatClientPCH.h"' to your source?
  RoboMath.cpp
D:\Project\Vs_Code's_codes\College\Kuliah\Semester_5\Pemrograman_Jaringan_Komputer\MultiplayerBook\Chapter 6\RoboCatRTS\RoboCatRTS\Src\RoboMath.cpp(22,1): fatal  error C1010: unexpected end of file while looking for precompiled header. Did you forget to add '#include "RoboCatClientPCH.h"' to your source?
  ScoreBoardManager.cpp
D:\Project\Vs_Code's_codes\College\Kuliah\Semester_5\Pemrograman_Jaringan_Komputer\MultiplayerBook\Chapter 6\RoboCatRTS\RoboCatRTS\Src\ScoreBoardManager.cpp(148,1): fatal  error C1010: unexpected end of file while looking for precompiled header. Did you forget to add '#include "RoboCatClientPCH.h"' to your source?
  Compiling...
  RoboCat.cpp
D:\Project\Vs_Code's_codes\College\Kuliah\Semester_5\Pemrograman_Jaringan_Komputer\MultiplayerBook\Chapter 6\RoboCatRTS\RoboCatRTS\Src\RoboCat.cpp(183,1): fatal  error C1010: unexpected end of file while looking for precompiled header. Did you forget to add '#include "RoboCatClientPCH.h"' to your source?
  SocketAddress.cpp
D:\Project\Vs_Code's_codes\College\Kuliah\Semester_5\Pemrograman_Jaringan_Komputer\MultiplayerBook\Chapter 6\RoboCatRTS\RoboCatRTS\Src\SocketAddress.cpp(34,1): fatal  error C1010: unexpected end of file while looking for precompiled header. Did you forget to add '#include "RoboCatClientPCH.h"' to your source?
  SocketAddressFactory.cpp
D:\Project\Vs_Code's_codes\College\Kuliah\Semester_5\Pemrograman_Jaringan_Komputer\MultiplayerBook\Chapter 6\RoboCatRTS\RoboCatRTS\Src\SocketAddressFactory.cpp(48,1): fatal  error C1010: unexpected end of file while looking for precompiled header. Did you forget to add '#include "RoboCatClientPCH.h"' to your source?
  SocketUtil.cpp
D:\Project\Vs_Code's_codes\College\Kuliah\Semester_5\Pemrograman_Jaringan_Komputer\MultiplayerBook\Chapter 6\RoboCatRTS\RoboCatRTS\Src\SocketUtil.cpp(152,1): fatal  error C1010: unexpected end of file while looking for precompiled header. Did you forget to add '#include "RoboCatClientPCH.h"' to your source?
  StringUtils.cpp
D:\Project\Vs_Code's_codes\College\Kuliah\Semester_5\Pemrograman_Jaringan_Komputer\MultiplayerBook\Chapter 6\RoboCatRTS\RoboCatRTS\Src\StringUtils.cpp(62,1): fatal  error C1010: unexpected end of file while looking for precompiled header. Did you forget to add '#include "RoboCatClientPCH.h"' to your source?
  TCPSocket.cpp
D:\Project\Vs_Code's_codes\College\Kuliah\Semester_5\Pemrograman_Jaringan_Komputer\MultiplayerBook\Chapter 6\RoboCatRTS\RoboCatRTS\Src\TCPSocket.cpp(84,1): fatal  error C1010: unexpected end of file while looking for precompiled header. Did you forget to add '#include "RoboCatClientPCH.h"' to your source?
  Timing.cpp
D:\Project\Vs_Code's_codes\College\Kuliah\Semester_5\Pemrograman_Jaringan_Komputer\MultiplayerBook\Chapter 6\RoboCatRTS\RoboCatRTS\Src\Timing.cpp(76,1): fatal  error C1010: unexpected end of file while looking for precompiled header. Did you forget to add '#include "RoboCatClientPCH.h"' to your source?
  GameObject.cpp
D:\Project\Vs_Code's_codes\College\Kuliah\Semester_5\Pemrograman_Jaringan_Komputer\MultiplayerBook\Chapter 6\RoboCatRTS\RoboCatRTS\Src\GameObject.cpp(60,1): fatal  error C1010: unexpected end of file while looking for precompiled header. Did you forget to add '#include "RoboCatClientPCH.h"' to your source?
  RoboCatPCH.cpp
D:\Project\Vs_Code's_codes\College\Kuliah\Semester_5\Pemrograman_Jaringan_Komputer\MultiplayerBook\Chapter 6\RoboCatRTS\RoboCatRTS\Src\RoboCatPCH.cpp(2,1): fatal  error C1010: unexpected end of file while looking for precompiled header. Did you forget to add '#include "RoboCatClientPCH.h"' to your source?
  UDPSocket.cpp
D:\Project\Vs_Code's_codes\College\Kuliah\Semester_5\Pemrograman_Jaringan_Komputer\MultiplayerBook\Chapter 6\RoboCatRTS\RoboCatRTS\Src\UDPSocket.cpp(101,1): fatal  error C1010: unexpected end of file while looking for precompiled header. Did you forget to add '#include "RoboCatClientPCH.h"' to your source?
  World.cpp
D:\Project\Vs_Code's_codes\College\Kuliah\Semester_5\Pemrograman_Jaringan_Komputer\MultiplayerBook\Chapter 6\RoboCatRTS\RoboCatRTS\Src\World.cpp(77,1): fatal  error C1010: unexpected end of file while looking for precompiled header. Did you forget to add '#include "RoboCatClientPCH.h"' to your source?
